Build started 28/02/2017 9:00:35.
     1>Project "C:\Users\GX60\Documents\Visual Studio 2013\Projects\ModernOpenGL - My Own 3\ModernOpenGL\ModernOpenGL.vcxproj" on node 2 (Build target(s)).
     1>ClCompile:
         C:\Program Files (x86)\Microsoft Visual Studio 12.0\VC\bin\CL.exe /c /Zi /nologo /W3 /WX- /O2 /Oi /Oy- /GL /D WIN32 /D NDEBUG /D _WINDOWS /D _UNICODE /D UNICODE /Gm- /EHsc /MD /GS /Gy /fp:precise /Zc:wchar_t /Zc:forScope /Fo"Release\\" /Fd"Release\vc120.pdb" /Gd /TP /analyze- /errorReport:prompt GameObject.cpp GameWorld.cpp GLSL.cpp main.cpp Mesh.cpp Texture.cpp Time.cpp Window.cpp
         GameObject.cpp
     1>c:\users\gx60\documents\visual studio 2013\projects\modernopengl - my own 3\modernopengl\Mesh.h(2): fatal error C1083: Cannot open include file: 'glm.hpp': No such file or directory
         GameWorld.cpp
         GLSL.cpp
     1>c:\users\gx60\documents\visual studio 2013\projects\modernopengl - my own 3\modernopengl\GLSL.h(2): fatal error C1083: Cannot open include file: 'glew.h': No such file or directory
         main.cpp
     1>c:\users\gx60\documents\visual studio 2013\projects\modernopengl - my own 3\modernopengl\Window.h(2): fatal error C1083: Cannot open include file: 'SDL.h': No such file or directory
         Mesh.cpp
     1>c:\users\gx60\documents\visual studio 2013\projects\modernopengl - my own 3\modernopengl\Mesh.h(2): fatal error C1083: Cannot open include file: 'glm.hpp': No such file or directory
         Texture.cpp
     1>c:\users\gx60\documents\visual studio 2013\projects\modernopengl - my own 3\modernopengl\Texture.h(2): fatal error C1083: Cannot open include file: 'glew.h': No such file or directory
         Time.cpp
         Window.cpp
     1>c:\users\gx60\documents\visual studio 2013\projects\modernopengl - my own 3\modernopengl\Window.h(2): fatal error C1083: Cannot open include file: 'SDL.h': No such file or directory
     1>Done Building Project "C:\Users\GX60\Documents\Visual Studio 2013\Projects\ModernOpenGL - My Own 3\ModernOpenGL\ModernOpenGL.vcxproj" (Build target(s)) -- FAILED.

Build FAILED.

Time Elapsed 00:00:06.31
